|SourceProjectName:MaxSurvey 3MWD online help.hpr
|DestinationProjectName:index.htm
whhost.js
whmsg.js
whmozemu.js
whutils.js
whproxy.js
whstub.js
whver.js
whform.js
whphost.js
whstart.js
whtopic.js
whframes.js
whlang.js
whskin_info.htm
whskin_blank.htm
whskin_pickup.htm
whskin_homepage.htm
whskin_tw.htm
whnjs.htm
whthost.js
whtdhtml.htm
whihost.js
whibody.htm
whiform.htm
whfhost.js
whfbody.htm
whfform.htm
whghost.js
whgbody.htm
whgdhtml.htm
whgdef.htm
whproj.js
whproj.htm
whdata\whtoc.js
whdata\whtoc.htm
whdata\whtdata.js
whdata\whidx.js
whdata\whidx.htm
whdata\whidata.js
whdata\whglo.js
whdata\whglo.htm
whdata\whgdata.js
whgdata\whnvp30.htm
whgdata\whnvp31.htm
whgdata\whnvp32.htm
whgdata\whnvp33.htm
whgdata\whnvt30.htm
whgdata\whnvt31.htm
whgdata\whnvt32.htm
whgdata\whnvt33.htm
whgdata\whnvf30.htm
whgdata\whnvf31.htm
whgdata\whnvf32.htm
whgdata\whnvf33.htm
whgdata\whnvl31.htm
whgdata\whnvl32.htm
whgdata\whnvl33.htm
whgdata\whexpbar.gif
cshdat_webhelp.htm
whcsh_home.htm
whcshdata.js
cshdat_robohelp.htm
wht_tab0.gif
wht_tab1.gif
wht_tab2.gif
wht_tab3.gif
wht_tab4.gif
wht_tab5.gif
wht_tab6.gif
wht_tab7.gif
wht_tab8.gif
wht_glo_h.gif
wht_glo_n.gif
wht_fts_h.gif
wht_fts_n.gif
wht_idx_h.gif
wht_idx_n.gif
wht_toc_h.gif
wht_toc_n.gif
wht_ws.gif
wht_ws_g.gif
wht_logo1.gif
wht_logo2.gif
wht_abgw.jpg
wht_abgi.jpg
wht_abge.jpg
wht_abtw.jpg
wht_abte.jpg
wht_abti.jpg
wht_spac.gif
wht_next.gif
wht_next_g.gif
wht_prev.gif
wht_prev_g.gif
wht_sync.gif
wht_hide.gif
wht_go.gif
whstart.ico
whestart.ico
whrstart.ico
whidhtml.htm
whfdhtml.htm
whskin_banner.htm
whtbar.js
print-selected.png
print-unselected.png
background.png
contents-selected.png
contents-unselected.png
index-selected.png
index-unselected.png
search-selected.png
search-unselected.png
glossary-selected.png
glossary-unselected.png
search-input-go.png
logo-placeholder.png
previous-disabled.png
previous-enabled.png
next-disabled.png
next-enabled.png
sync-toc.png
hide.png
remote-url.png
closed-book.png
opened-book.png
topic-page.png
whskin_pdhtml.htm
whskin_plist.htm
whskin_tbars.htm
whskin_mbars.htm
whskin_frmset010.htm
whst_topics.xml
whskin_frmset01.htm
index_hha.hhk
index.hhc
index.hhk
Copying_Surveys.htm
Downloading_Surveys.htm
Introduction.htm
Limitations.htm
Prerequisite.htm
Process_flow.htm
Steps_to_copy_the_Surveys.htm
Steps_to_Download_the_Survey.htm
Support.htm
Uploading_Surveys.htm
index.glo
Note.jpg
3MWD_copy.png
3MWD_download_survey.png
3MWD_upload_file.png
Note_Rule.jpg
3MWD_downloaded.png
RoboHHRE.lng
ehlpdhtm.js
SearchOptions.xml
index.ppf
whxdata\package_0_xml.js
whxdata\packageindex_xml.js
whxdata\synonym.xml
whxdata\synonym_xml.js
whxdata\topictable_0_xml.js
whxdata\topictableindex_xml.js
whxdata\whfts.xml
whxdata\whfts_xml.js
whproj_xml.js
whxdata\whtoc_xml.js
whxdata\whidx_xml.js
whxdata\whglo_xml.js
resource\resource_xml.js
whbrs_xml.js
whres_xml.js
whcsh_xml.js
whxdata\whtdata0_xml.js
whdata\whtdata0.htm
whgdata\whlstt0.htm
whgdata\whlstt1.htm
whgdata\whlstt2.htm
whgdata\whlstt3.htm
whgdata\whlsti0.htm
whgdata\whlstfl0.htm
whgdata\whlstfl1.htm
whgdata\whlstfl2.htm
whgdata\whlstfl3.htm
whgdata\whlstfl4.htm
whgdata\whlstfl5.htm
whgdata\whlstfl6.htm
whgdata\whlstfl7.htm
whgdata\whlstfl8.htm
whgdata\whlstfl9.htm
whgdata\whlstfl10.htm
whgdata\whlstfl11.htm
whgdata\whlstfl12.htm
whgdata\whlstfl13.htm
whgdata\whlstfl14.htm
whgdata\whlstfl15.htm
whgdata\whlstfl16.htm
whgdata\whlstfl17.htm
whgdata\whlstfl18.htm
whgdata\whlstf0.htm
whgdata\whlstf1.htm
whgdata\whlstg0.htm
index.htm
index_csh.htm
index_rhc.htm
